[0.007s] Invoking command in '/home/itoon/Documents/GitHub/Fun4_RoboticDev/build/fun4_pkg': /usr/bin/cmake --build /home/itoon/Documents/GitHub/Fun4_RoboticDev/build/fun4_pkg -- -j20 -l20
[0.025s] -- Found ament_cmake: 1.3.10 (/opt/ros/humble/share/ament_cmake/cmake)
[0.105s] -- Found rclcpp: 16.0.10 (/opt/ros/humble/share/rclcpp/cmake)
[0.121s] -- Found rosidl_generator_c: 3.1.5 (/opt/ros/humble/share/rosidl_generator_c/cmake)
[0.122s] -- Found rosidl_adapter: 3.1.5 (/opt/ros/humble/share/rosidl_adapter/cmake)
[0.125s] -- Found rosidl_generator_cpp: 3.1.5 (/opt/ros/humble/share/rosidl_generator_cpp/cmake)
[0.131s] -- Using all available rosidl_typesupport_c: rosidl_typesupport_fastrtps_c;rosidl_typesupport_introspection_c
[0.137s] -- Using all available rosidl_typesupport_cpp: rosidl_typesupport_fastrtps_cpp;rosidl_typesupport_introspection_cpp
[0.155s] -- Found rmw_implementation_cmake: 6.1.2 (/opt/ros/humble/share/rmw_implementation_cmake/cmake)
[0.155s] -- Found rmw_fastrtps_cpp: 6.2.7 (/opt/ros/humble/share/rmw_fastrtps_cpp/cmake)
[0.217s] -- Using RMW implementation 'rmw_fastrtps_cpp' as default
[0.244s] -- Found rclpy: 3.3.14 (/opt/ros/humble/share/rclpy/cmake)
[0.277s] Error parsing '/home/itoon/Documents/GitHub/Fun4_RoboticDev/src/RoboticsDev2024/package.xml':
[0.302s] Traceback (most recent call last):
[0.302s]   File "/opt/ros/humble/share/ament_cmake_core/cmake/core/package_xml_2_cmake.py", line 150, in <module>
[0.302s]     main()
[0.302s]   File "/opt/ros/humble/share/ament_cmake_core/cmake/core/package_xml_2_cmake.py", line 53, in main
[0.302s]     raise e
[0.302s]   File "/opt/ros/humble/share/ament_cmake_core/cmake/core/package_xml_2_cmake.py", line 49, in main
[0.302s]     package = parse_package_string(
[0.302s]   File "/usr/lib/python3/dist-packages/catkin_pkg/package.py", line 786, in parse_package_string
[0.302s]     raise InvalidPackage('Error(s):%s' % (''.join(['\n- %s' % e for e in errors])), filename)
[0.302s] catkin_pkg.package.InvalidPackage: Error(s) in package '/home/itoon/Documents/GitHub/Fun4_RoboticDev/src/RoboticsDev2024/package.xml':
[0.302s] Error(s):
[0.302s] - The generic dependency on 'rclpy' is redundant with: exec_depend
[0.309s] [31mCMake Error at /opt/ros/humble/share/ament_cmake_core/cmake/core/ament_package_xml.cmake:95 (message):
[0.309s]   execute_process(/usr/bin/python3
[0.309s]   /opt/ros/humble/share/ament_cmake_core/cmake/core/package_xml_2_cmake.py
[0.309s]   /home/itoon/Documents/GitHub/Fun4_RoboticDev/src/RoboticsDev2024/package.xml
[0.309s]   /home/itoon/Documents/GitHub/Fun4_RoboticDev/build/fun4_pkg/ament_cmake_core/package.cmake)
[0.309s]   returned error code 1
[0.309s] Call Stack (most recent call first):
[0.309s]   /opt/ros/humble/share/ament_cmake_core/cmake/core/ament_package_xml.cmake:49 (_ament_package_xml)
[0.309s]   /opt/ros/humble/share/ament_cmake_python/cmake/ament_python_install_package.cmake:60 (ament_package_xml)
[0.309s]   /opt/ros/humble/share/ament_cmake_python/cmake/ament_python_install_package.cmake:39 (_ament_cmake_python_install_package)
[0.309s]   CMakeLists.txt:26 (ament_python_install_package)
[0.309s] 
[0.309s] [0m
[0.309s] -- Configuring incomplete, errors occurred!
[0.309s] See also "/home/itoon/Documents/GitHub/Fun4_RoboticDev/build/fun4_pkg/CMakeFiles/CMakeOutput.log".
[0.314s] gmake: *** [Makefile:295: cmake_check_build_system] Error 1
