[0.000000] (-) TimerEvent: {}
[0.000324] (fun4_pkg) JobQueued: {'identifier': 'fun4_pkg', 'dependencies': OrderedDict()}
[0.000443] (fun4_pkg) JobStarted: {'identifier': 'fun4_pkg'}
[0.005258] (fun4_pkg) JobProgress: {'identifier': 'fun4_pkg', 'progress': 'cmake'}
[0.005534] (fun4_pkg) JobProgress: {'identifier': 'fun4_pkg', 'progress': 'build'}
[0.005979] (fun4_pkg) Command: {'cmd': ['/usr/bin/cmake', '--build', '/home/itoon/Documents/GitHub/Fun4_RoboticDev/build/fun4_pkg', '--', '-j20', '-l20'], 'cwd': '/home/itoon/Documents/GitHub/Fun4_RoboticDev/build/fun4_pkg', 'env': OrderedDict([('LESSOPEN', '| /usr/bin/lesspipe %s'), ('USER', 'itoon'), ('LC_TIME', 'en_GB.UTF-8'), ('XDG_SESSION_TYPE', 'x11'), ('SHLVL', '1'), ('LD_LIBRARY_PATH', '/home/itoon/RoboticsDev2024/RoboticsDev2024/install/motorsim_interfaces/lib:/home/itoon/ros2_ws/install/turtlesim_plus_interfaces/lib:/home/itoon/ros2_ws/install/lab1_interfaces/lib:/home/itoon/ros2_ws/install/controller_interfaces/lib:/opt/ros/humble/opt/rviz_ogre_vendor/lib:/opt/ros/humble/lib/x86_64-linux-gnu:/opt/ros/humble/lib'), ('HOME', '/home/itoon'), ('OLDPWD', '/home/itoon'), ('DESKTOP_SESSION', 'ubuntu'), ('ROS_PYTHON_VERSION', '3'), ('GNOME_SHELL_SESSION_MODE', 'ubuntu'), ('GTK_MODULES', 'gail:atk-bridge'), ('LC_MONETARY', 'en_GB.UTF-8'), ('DBUS_STARTER_BUS_TYPE', 'session'), ('SYSTEMD_EXEC_PID', '2145'), ('DBUS_SESSION_BUS_ADDRESS', 'unix:path=/run/user/1000/bus,guid=29e3de9fc7a5de3b9aa4a2c566f6a2a4'), ('COLORTERM', 'truecolor'), ('COLCON_PREFIX_PATH', '/home/itoon/Documents/GitHub/Fun4_RoboticDev/install:/home/itoon/Documents/GitHub/ROS2-Exam-1/install:/home/itoon/ros2_ws/install:/home/itoon/RoboticsDev2024/RoboticsDev2024/install'), ('ROS_DISTRO', 'humble'), ('GTK_IM_MODULE', 'ibus'), ('LOGNAME', 'itoon'), ('_', '/usr/bin/colcon'), ('ROS_VERSION', '2'), ('XDG_SESSION_CLASS', 'user'), ('USERNAME', 'itoon'), ('TERM', 'xterm-256color'), ('GNOME_DESKTOP_SESSION_ID', 'this-is-deprecated'), ('ROS_LOCALHOST_ONLY', '0'), ('WINDOWPATH', '2'), ('PATH', '/opt/ros/humble/bin:/home/itoon/.local/bin:/usr/local/sbin:/usr/local/bin:/usr/sbin:/usr/bin:/sbin:/bin:/usr/games:/usr/local/games:/snap/bin:/snap/bin'), ('SESSION_MANAGER', 'local/itoon:@/tmp/.ICE-unix/2145,unix/itoon:/tmp/.ICE-unix/2145'), ('PAPERSIZE', 'a4'), ('XDG_MENU_PREFIX', 'gnome-'), ('LC_ADDRESS', 'en_GB.UTF-8'), ('GNOME_TERMINAL_SCREEN', '/org/gnome/Terminal/screen/9764c24e_4a0c_49a2_9c13_6f1ff92e5d6c'), ('XDG_RUNTIME_DIR', '/run/user/1000'), ('DISPLAY', ':1'), ('LANG', 'en_US.UTF-8'), ('XDG_CURRENT_DESKTOP', 'ubuntu:GNOME'), ('LC_TELEPHONE', 'en_GB.UTF-8'), ('XMODIFIERS', '@im=ibus'), ('XDG_SESSION_DESKTOP', 'ubuntu'), ('XAUTHORITY', '/run/user/1000/gdm/Xauthority'), ('LS_COLORS', 'rs=0:di=01;34:ln=01;36:mh=00:pi=40;33:so=01;35:do=01;35:bd=40;33;01:cd=40;33;01:or=40;31;01:mi=00:su=37;41:sg=30;43:ca=30;41:tw=30;42:ow=34;42:st=37;44:ex=01;32:*.tar=01;31:*.tgz=01;31:*.arc=01;31:*.arj=01;31:*.taz=01;31:*.lha=01;31:*.lz4=01;31:*.lzh=01;31:*.lzma=01;31:*.tlz=01;31:*.txz=01;31:*.tzo=01;31:*.t7z=01;31:*.zip=01;31:*.z=01;31:*.dz=01;31:*.gz=01;31:*.lrz=01;31:*.lz=01;31:*.lzo=01;31:*.xz=01;31:*.zst=01;31:*.tzst=01;31:*.bz2=01;31:*.bz=01;31:*.tbz=01;31:*.tbz2=01;31:*.tz=01;31:*.deb=01;31:*.rpm=01;31:*.jar=01;31:*.war=01;31:*.ear=01;31:*.sar=01;31:*.rar=01;31:*.alz=01;31:*.ace=01;31:*.zoo=01;31:*.cpio=01;31:*.7z=01;31:*.rz=01;31:*.cab=01;31:*.wim=01;31:*.swm=01;31:*.dwm=01;31:*.esd=01;31:*.jpg=01;35:*.jpeg=01;35:*.mjpg=01;35:*.mjpeg=01;35:*.gif=01;35:*.bmp=01;35:*.pbm=01;35:*.pgm=01;35:*.ppm=01;35:*.tga=01;35:*.xbm=01;35:*.xpm=01;35:*.tif=01;35:*.tiff=01;35:*.png=01;35:*.svg=01;35:*.svgz=01;35:*.mng=01;35:*.pcx=01;35:*.mov=01;35:*.mpg=01;35:*.mpeg=01;35:*.m2v=01;35:*.mkv=01;35:*.webm=01;35:*.webp=01;35:*.ogm=01;35:*.mp4=01;35:*.m4v=01;35:*.mp4v=01;35:*.vob=01;35:*.qt=01;35:*.nuv=01;35:*.wmv=01;35:*.asf=01;35:*.rm=01;35:*.rmvb=01;35:*.flc=01;35:*.avi=01;35:*.fli=01;35:*.flv=01;35:*.gl=01;35:*.dl=01;35:*.xcf=01;35:*.xwd=01;35:*.yuv=01;35:*.cgm=01;35:*.emf=01;35:*.ogv=01;35:*.ogx=01;35:*.aac=00;36:*.au=00;36:*.flac=00;36:*.m4a=00;36:*.mid=00;36:*.midi=00;36:*.mka=00;36:*.mp3=00;36:*.mpc=00;36:*.ogg=00;36:*.ra=00;36:*.wav=00;36:*.oga=00;36:*.opus=00;36:*.spx=00;36:*.xspf=00;36:'), ('GNOME_TERMINAL_SERVICE', ':1.299'), ('SSH_AGENT_LAUNCHER', 'gnome-keyring'), ('SSH_AUTH_SOCK', '/run/user/1000/keyring/ssh'), ('ROS_DOMAIN_ID', '41'), ('AMENT_PREFIX_PATH', '/home/itoon/Documents/GitHub/Fun4_RoboticDev/install/fun4_pkg:/home/itoon/Documents/GitHub/ROS2-Exam-1/install/turtlesim_promax:/home/itoon/RoboticsDev2024/RoboticsDev2024/install/motorsim_interfaces:/home/itoon/RoboticsDev2024/RoboticsDev2024/install/motorsim:/home/itoon/ros2_ws/install/urdf_tutorial:/home/itoon/ros2_ws/install/turtlesim_promax:/home/itoon/ros2_ws/install/turtlesim_plus_interfaces:/home/itoon/ros2_ws/install/turtlesim_plus:/home/itoon/ros2_ws/install/turtle_bringup:/home/itoon/ros2_ws/install/lecture2:/home/itoon/ros2_ws/install/lab1_interfaces:/home/itoon/ros2_ws/install/lab1:/home/itoon/ros2_ws/install/example_description:/home/itoon/ros2_ws/install/controller_interfaces:/opt/ros/humble'), ('SHELL', '/bin/bash'), ('LC_NAME', 'en_GB.UTF-8'), ('QT_ACCESSIBILITY', '1'), ('GDMSESSION', 'ubuntu'), ('LESSCLOSE', '/usr/bin/lesspipe %s %s'), ('LC_MEASUREMENT', 'en_GB.UTF-8'), ('GPG_AGENT_INFO', '/run/user/1000/gnupg/S.gpg-agent:0:1'), ('LC_IDENTIFICATION', 'en_GB.UTF-8'), ('QT_IM_MODULE', 'ibus'), ('PWD', '/home/itoon/Documents/GitHub/Fun4_RoboticDev/build/fun4_pkg'), ('LC_ALL', 'en_US.UTF-8'), ('XDG_CONFIG_DIRS', '/etc/xdg/xdg-ubuntu:/etc/xdg'), ('DBUS_STARTER_ADDRESS', 'unix:path=/run/user/1000/bus,guid=29e3de9fc7a5de3b9aa4a2c566f6a2a4'), ('XDG_DATA_DIRS', '/usr/share/ubuntu:/usr/share/gnome:/usr/local/share/:/usr/share/:/var/lib/snapd/desktop'), ('PYTHONPATH', '/home/itoon/Documents/GitHub/Fun4_RoboticDev/install/fun4_pkg/local/lib/python3.10/dist-packages:/home/itoon/Documents/GitHub/ROS2-Exam-1/install/turtlesim_promax/local/lib/python3.10/dist-packages:/home/itoon/RoboticsDev2024/RoboticsDev2024/install/motorsim_interfaces/local/lib/python3.10/dist-packages:/home/itoon/RoboticsDev2024/RoboticsDev2024/install/motorsim/local/lib/python3.10/dist-packages:/home/itoon/ros2_ws/install/turtlesim_promax/local/lib/python3.10/dist-packages:/home/itoon/ros2_ws/install/turtlesim_plus_interfaces/local/lib/python3.10/dist-packages:/home/itoon/ros2_ws/install/turtlesim_plus/local/lib/python3.10/dist-packages:/home/itoon/ros2_ws/install/turtle_bringup/local/lib/python3.10/dist-packages:/home/itoon/ros2_ws/install/lecture2/local/lib/python3.10/dist-packages:/home/itoon/ros2_ws/install/lab1_interfaces/local/lib/python3.10/dist-packages:/home/itoon/ros2_ws/install/lab1/local/lib/python3.10/dist-packages:/home/itoon/ros2_ws/install/example_description/local/lib/python3.10/dist-packages:/home/itoon/ros2_ws/install/controller_interfaces/local/lib/python3.10/dist-packages:/opt/ros/humble/lib/python3.10/site-packages:/opt/ros/humble/local/lib/python3.10/dist-packages'), ('LC_NUMERIC', 'en_GB.UTF-8'), ('LC_PAPER', 'en_GB.UTF-8'), ('COLCON', '1'), ('VTE_VERSION', '6800'), ('CMAKE_PREFIX_PATH', '/home/itoon/Documents/GitHub/Fun4_RoboticDev/install/fun4_pkg:/home/itoon/Documents/GitHub/ROS2-Exam-1/install/turtlesim_promax:/home/itoon/RoboticsDev2024/RoboticsDev2024/install/motorsim_interfaces:/home/itoon/RoboticsDev2024/RoboticsDev2024/install/motorsim:/home/itoon/ros2_ws/install/urdf_tutorial:/home/itoon/ros2_ws/install/turtlesim_promax:/home/itoon/ros2_ws/install/turtlesim_plus_interfaces:/home/itoon/ros2_ws/install/turtlesim_plus:/home/itoon/ros2_ws/install/turtle_bringup:/home/itoon/ros2_ws/install/lecture2:/home/itoon/ros2_ws/install/lab1_interfaces:/home/itoon/ros2_ws/install/lab1:/home/itoon/ros2_ws/install/example_description:/home/itoon/ros2_ws/install/controller_interfaces')]), 'shell': False}
[0.023560] (fun4_pkg) StdoutLine: {'line': b'-- Found ament_cmake: 1.3.10 (/opt/ros/humble/share/ament_cmake/cmake)\n'}
[0.099916] (-) TimerEvent: {}
[0.104893] (fun4_pkg) StdoutLine: {'line': b'-- Found rclcpp: 16.0.10 (/opt/ros/humble/share/rclcpp/cmake)\n'}
[0.119974] (fun4_pkg) StdoutLine: {'line': b'-- Found rosidl_generator_c: 3.1.5 (/opt/ros/humble/share/rosidl_generator_c/cmake)\n'}
[0.121234] (fun4_pkg) StdoutLine: {'line': b'-- Found rosidl_adapter: 3.1.5 (/opt/ros/humble/share/rosidl_adapter/cmake)\n'}
[0.124348] (fun4_pkg) StdoutLine: {'line': b'-- Found rosidl_generator_cpp: 3.1.5 (/opt/ros/humble/share/rosidl_generator_cpp/cmake)\n'}
[0.129309] (fun4_pkg) StdoutLine: {'line': b'-- Using all available rosidl_typesupport_c: rosidl_typesupport_fastrtps_c;rosidl_typesupport_introspection_c\n'}
[0.135710] (fun4_pkg) StdoutLine: {'line': b'-- Using all available rosidl_typesupport_cpp: rosidl_typesupport_fastrtps_cpp;rosidl_typesupport_introspection_cpp\n'}
[0.151781] (fun4_pkg) StdoutLine: {'line': b'-- Found rmw_implementation_cmake: 6.1.2 (/opt/ros/humble/share/rmw_implementation_cmake/cmake)\n'}
[0.152639] (fun4_pkg) StdoutLine: {'line': b'-- Found rmw_fastrtps_cpp: 6.2.7 (/opt/ros/humble/share/rmw_fastrtps_cpp/cmake)\n'}
[0.200051] (-) TimerEvent: {}
[0.216411] (fun4_pkg) StdoutLine: {'line': b"-- Using RMW implementation 'rmw_fastrtps_cpp' as default\n"}
[0.242058] (fun4_pkg) StdoutLine: {'line': b'-- Found rclpy: 3.3.14 (/opt/ros/humble/share/rclpy/cmake)\n'}
[0.274450] (fun4_pkg) StderrLine: {'line': b"Error parsing '/home/itoon/Documents/GitHub/Fun4_RoboticDev/src/RoboticsDev2024/package.xml':\n"}
[0.298788] (fun4_pkg) StderrLine: {'line': b'Traceback (most recent call last):\n'}
[0.298885] (fun4_pkg) StderrLine: {'line': b'  File "/opt/ros/humble/share/ament_cmake_core/cmake/core/package_xml_2_cmake.py", line 150, in <module>\n'}
[0.298917] (fun4_pkg) StderrLine: {'line': b'    main()\n'}
[0.298942] (fun4_pkg) StderrLine: {'line': b'  File "/opt/ros/humble/share/ament_cmake_core/cmake/core/package_xml_2_cmake.py", line 53, in main\n'}
[0.298968] (fun4_pkg) StderrLine: {'line': b'    raise e\n'}
[0.298993] (fun4_pkg) StderrLine: {'line': b'  File "/opt/ros/humble/share/ament_cmake_core/cmake/core/package_xml_2_cmake.py", line 49, in main\n'}
[0.299037] (fun4_pkg) StderrLine: {'line': b'    package = parse_package_string(\n'}
[0.299061] (fun4_pkg) StderrLine: {'line': b'  File "/usr/lib/python3/dist-packages/catkin_pkg/package.py", line 786, in parse_package_string\n'}
[0.299365] (fun4_pkg) StderrLine: {'line': b"    raise InvalidPackage('Error(s):%s' % (''.join(['\\n- %s' % e for e in errors])), filename)\n"}
[0.299439] (fun4_pkg) StderrLine: {'line': b"catkin_pkg.package.InvalidPackage: Error(s) in package '/home/itoon/Documents/GitHub/Fun4_RoboticDev/src/RoboticsDev2024/package.xml':\n"}
[0.299472] (fun4_pkg) StderrLine: {'line': b'Error(s):\n'}
[0.299498] (fun4_pkg) StderrLine: {'line': b"- The generic dependency on 'rclpy' is redundant with: exec_depend\n"}
[0.300134] (-) TimerEvent: {}
[0.306663] (fun4_pkg) StderrLine: {'line': b'\x1b[31mCMake Error at /opt/ros/humble/share/ament_cmake_core/cmake/core/ament_package_xml.cmake:95 (message):\n'}
[0.306747] (fun4_pkg) StderrLine: {'line': b'  execute_process(/usr/bin/python3\n'}
[0.306780] (fun4_pkg) StderrLine: {'line': b'  /opt/ros/humble/share/ament_cmake_core/cmake/core/package_xml_2_cmake.py\n'}
[0.306808] (fun4_pkg) StderrLine: {'line': b'  /home/itoon/Documents/GitHub/Fun4_RoboticDev/src/RoboticsDev2024/package.xml\n'}
[0.306834] (fun4_pkg) StderrLine: {'line': b'  /home/itoon/Documents/GitHub/Fun4_RoboticDev/build/fun4_pkg/ament_cmake_core/package.cmake)\n'}
[0.306993] (fun4_pkg) StderrLine: {'line': b'  returned error code 1\n'}
[0.307039] (fun4_pkg) StderrLine: {'line': b'Call Stack (most recent call first):\n'}
[0.307070] (fun4_pkg) StderrLine: {'line': b'  /opt/ros/humble/share/ament_cmake_core/cmake/core/ament_package_xml.cmake:49 (_ament_package_xml)\n'}
[0.307097] (fun4_pkg) StderrLine: {'line': b'  /opt/ros/humble/share/ament_cmake_python/cmake/ament_python_install_package.cmake:60 (ament_package_xml)\n'}
[0.307125] (fun4_pkg) StderrLine: {'line': b'  /opt/ros/humble/share/ament_cmake_python/cmake/ament_python_install_package.cmake:39 (_ament_cmake_python_install_package)\n'}
[0.307149] (fun4_pkg) StderrLine: {'line': b'  CMakeLists.txt:26 (ament_python_install_package)\n'}
[0.307180] (fun4_pkg) StderrLine: {'line': b'\n'}
[0.307205] (fun4_pkg) StderrLine: {'line': b'\x1b[0m\n'}
[0.307230] (fun4_pkg) StdoutLine: {'line': b'-- Configuring incomplete, errors occurred!\n'}
[0.307262] (fun4_pkg) StdoutLine: {'line': b'See also "/home/itoon/Documents/GitHub/Fun4_RoboticDev/build/fun4_pkg/CMakeFiles/CMakeOutput.log".\n'}
[0.311209] (fun4_pkg) StderrLine: {'line': b'gmake: *** [Makefile:295: cmake_check_build_system] Error 1\n'}
[0.312500] (fun4_pkg) CommandEnded: {'returncode': 2}
[0.312709] (fun4_pkg) JobEnded: {'identifier': 'fun4_pkg', 'rc': 2}
[0.322690] (-) EventReactorShutdown: {}
