-- Found ament_cmake: 1.3.10 (/opt/ros/humble/share/ament_cmake/cmake)
-- Found ament_lint_auto: 0.12.11 (/opt/ros/humble/share/ament_lint_auto/cmake)
-- Found std_msgs: 4.2.4 (/opt/ros/humble/share/std_msgs/cmake)
-- Found rosidl_generator_c: 3.1.5 (/opt/ros/humble/share/rosidl_generator_c/cmake)
-- Found rosidl_adapter: 3.1.5 (/opt/ros/humble/share/rosidl_adapter/cmake)
-- Found rosidl_generator_cpp: 3.1.5 (/opt/ros/humble/share/rosidl_generator_cpp/cmake)
-- Using all available rosidl_typesupport_c: rosidl_typesupport_fastrtps_c;rosidl_typesupport_introspection_c
-- Using all available rosidl_typesupport_cpp: rosidl_typesupport_fastrtps_cpp;rosidl_typesupport_introspection_cpp
-- Found geometry_msgs: 4.2.4 (/opt/ros/humble/share/geometry_msgs/cmake)
-- Found rosidl_default_generators: 1.2.0 (/opt/ros/humble/share/rosidl_default_generators/cmake)
-- Found ament_cmake_ros: 0.10.0 (/opt/ros/humble/share/ament_cmake_ros/cmake)
-- Using all available rosidl_typesupport_c: rosidl_typesupport_fastrtps_c;rosidl_typesupport_introspection_c
-- Using all available rosidl_typesupport_cpp: rosidl_typesupport_fastrtps_cpp;rosidl_typesupport_introspection_cpp
-- Found python_cmake_module: 0.10.0 (/opt/ros/humble/share/python_cmake_module/cmake)
-- Using PYTHON_EXECUTABLE: /usr/bin/python3
-- Using PYTHON_INCLUDE_DIRS: /usr/include/python3.10
-- Using PYTHON_LIBRARIES: /usr/lib/x86_64-linux-gnu/libpython3.10.so
-- Added test 'lint_cmake' to check CMake code style
-- Added test 'xmllint' to check XML markup files
-- Configuring done
-- Generating done
-- Build files have been written to: /home/itoon/Documents/GitHub/Fun4_RoboticDev/build/fun4_interfaces
[35m[1mConsolidate compiler generated dependencies of target fun4_interfaces__rosidl_generator_c[0m
[  3%] Built target fun4_interfaces__cpp
[  6%] [32mBuilding C object CMakeFiles/fun4_interfaces__rosidl_generator_c.dir/rosidl_generator_c/fun4_interfaces/srv/detail/mode__functions.c.o[0m
[  6%] Built target ament_cmake_python_copy_fun4_interfaces
[35m[1mConsolidate compiler generated dependencies of target fun4_interfaces__rosidl_typesupport_fastrtps_cpp[0m
[35m[1mConsolidate compiler generated dependencies of target fun4_interfaces__rosidl_typesupport_cpp[0m
[35m[1mConsolidate compiler generated dependencies of target fun4_interfaces__rosidl_typesupport_introspection_cpp[0m
In file included from [01m[K/home/itoon/Documents/GitHub/Fun4_RoboticDev/build/fun4_interfaces/rosidl_generator_c/fun4_interfaces/srv/detail/mode__functions.h:19[m[K,
                 from [01m[K/home/itoon/Documents/GitHub/Fun4_RoboticDev/build/fun4_interfaces/rosidl_generator_c/fun4_interfaces/srv/detail/mode__functions.c:4[m[K:
[01m[K/home/itoon/Documents/GitHub/Fun4_RoboticDev/build/fun4_interfaces/rosidl_generator_c/fun4_interfaces/srv/detail/mode__struct.h:44:10:[m[K [01;31m[Kfatal error: [m[Kstd_msg/msg/detail/string__struct.h: No such file or directory
   44 | #include [01;31m[K"std_msg/msg/detail/string__struct.h"[m[K
      |          [01;31m[K^~~~~~~~~~~~~~~~~~~~~~~~~~~~~~~~~~~~~[m[K
compilation terminated.
gmake[2]: *** [CMakeFiles/fun4_interfaces__rosidl_generator_c.dir/build.make:165: CMakeFiles/fun4_interfaces__rosidl_generator_c.dir/rosidl_generator_c/fun4_interfaces/srv/detail/mode__functions.c.o] Error 1
gmake[1]: *** [CMakeFiles/Makefile2:213: CMakeFiles/fun4_interfaces__rosidl_generator_c.dir/all] Error 2
gmake[1]: *** Waiting for unfinished jobs....
[ 12%] [32mBuilding CXX object CMakeFiles/fun4_interfaces__rosidl_typesupport_fastrtps_cpp.dir/rosidl_typesupport_fastrtps_cpp/fun4_interfaces/srv/detail/dds_fastrtps/mode__type_support.cpp.o[0m
[ 12%] [32mBuilding CXX object CMakeFiles/fun4_interfaces__rosidl_typesupport_introspection_cpp.dir/rosidl_typesupport_introspection_cpp/fun4_interfaces/srv/detail/mode__type_support.cpp.o[0m
[ 16%] [32mBuilding CXX object CMakeFiles/fun4_interfaces__rosidl_typesupport_cpp.dir/rosidl_typesupport_cpp/fun4_interfaces/srv/mode__type_support.cpp.o[0m
In file included from [01m[K/home/itoon/Documents/GitHub/Fun4_RoboticDev/build/fun4_interfaces/rosidl_typesupport_fastrtps_cpp/fun4_interfaces/srv/detail/mode__rosidl_typesupport_fastrtps_cpp.hpp:11[m[K,
                 from [01m[K/home/itoon/Documents/GitHub/Fun4_RoboticDev/build/fun4_interfaces/rosidl_typesupport_fastrtps_cpp/fun4_interfaces/srv/detail/dds_fastrtps/mode__type_support.cpp:4[m[K:
[01m[K/home/itoon/Documents/GitHub/Fun4_RoboticDev/build/fun4_interfaces/rosidl_generator_cpp/fun4_interfaces/srv/detail/mode__struct.hpp:176:10:[m[K [01;31m[Kfatal error: [m[Kstd_msg/msg/detail/string__struct.hpp: No such file or directory
  176 | #include [01;31m[K"std_msg/msg/detail/string__struct.hpp"[m[K
      |          [01;31m[K^~~~~~~~~~~~~~~~~~~~~~~~~~~~~~~~~~~~~~~[m[K
compilation terminated.
In file included from [01m[K/home/itoon/Documents/GitHub/Fun4_RoboticDev/build/fun4_interfaces/rosidl_typesupport_cpp/fun4_interfaces/srv/mode__type_support.cpp:7[m[K:
[01m[K/home/itoon/Documents/GitHub/Fun4_RoboticDev/build/fun4_interfaces/rosidl_generator_cpp/fun4_interfaces/srv/detail/mode__struct.hpp:176:10:[m[K [01;31m[Kfatal error: [m[Kstd_msg/msg/detail/string__struct.hpp: No such file or directory
  176 | #include [01;31m[K"std_msg/msg/detail/string__struct.hpp"[m[K
      |          [01;31m[K^~~~~~~~~~~~~~~~~~~~~~~~~~~~~~~~~~~~~~~[m[K
compilation terminated.
gmake[2]: *** [CMakeFiles/fun4_interfaces__rosidl_typesupport_fastrtps_cpp.dir/build.make:151: CMakeFiles/fun4_interfaces__rosidl_typesupport_fastrtps_cpp.dir/rosidl_typesupport_fastrtps_cpp/fun4_interfaces/srv/detail/dds_fastrtps/mode__type_support.cpp.o] Error 1
gmake[1]: *** [CMakeFiles/Makefile2:291: CMakeFiles/fun4_interfaces__rosidl_typesupport_fastrtps_cpp.dir/all] Error 2
gmake[2]: *** [CMakeFiles/fun4_interfaces__rosidl_typesupport_cpp.dir/build.make:146: CMakeFiles/fun4_interfaces__rosidl_typesupport_cpp.dir/rosidl_typesupport_cpp/fun4_interfaces/srv/mode__type_support.cpp.o] Error 1
gmake[1]: *** [CMakeFiles/Makefile2:395: CMakeFiles/fun4_interfaces__rosidl_typesupport_cpp.dir/all] Error 2
In file included from [01m[K/home/itoon/Documents/GitHub/Fun4_RoboticDev/build/fun4_interfaces/rosidl_typesupport_introspection_cpp/fun4_interfaces/srv/detail/mode__type_support.cpp:12[m[K:
[01m[K/home/itoon/Documents/GitHub/Fun4_RoboticDev/build/fun4_interfaces/rosidl_generator_cpp/fun4_interfaces/srv/detail/mode__struct.hpp:176:10:[m[K [01;31m[Kfatal error: [m[Kstd_msg/msg/detail/string__struct.hpp: No such file or directory
  176 | #include [01;31m[K"std_msg/msg/detail/string__struct.hpp"[m[K
      |          [01;31m[K^~~~~~~~~~~~~~~~~~~~~~~~~~~~~~~~~~~~~~~[m[K
compilation terminated.
gmake[2]: *** [CMakeFiles/fun4_interfaces__rosidl_typesupport_introspection_cpp.dir/build.make:151: CMakeFiles/fun4_interfaces__rosidl_typesupport_introspection_cpp.dir/rosidl_typesupport_introspection_cpp/fun4_interfaces/srv/detail/mode__type_support.cpp.o] Error 1
gmake[1]: *** [CMakeFiles/Makefile2:369: CMakeFiles/fun4_interfaces__rosidl_typesupport_introspection_cpp.dir/all] Error 2
running egg_info
writing fun4_interfaces.egg-info/PKG-INFO
writing dependency_links to fun4_interfaces.egg-info/dependency_links.txt
writing top-level names to fun4_interfaces.egg-info/top_level.txt
reading manifest file 'fun4_interfaces.egg-info/SOURCES.txt'
writing manifest file 'fun4_interfaces.egg-info/SOURCES.txt'
[ 16%] Built target ament_cmake_python_build_fun4_interfaces_egg
gmake: *** [Makefile:146: all] Error 2
