[0.008s] Invoking command in '/home/itoon/Documents/GitHub/Fun4_RoboticDev/build/fun4_interfaces': CMAKE_PREFIX_PATH=${CMAKE_PREFIX_PATH}:/opt/ros/humble /usr/bin/cmake --build /home/itoon/Documents/GitHub/Fun4_RoboticDev/build/fun4_interfaces -- -j20 -l20
[0.026s] -- Found ament_cmake: 1.3.10 (/opt/ros/humble/share/ament_cmake/cmake)
[0.107s] -- Found ament_lint_auto: 0.12.11 (/opt/ros/humble/share/ament_lint_auto/cmake)
[0.148s] -- Found std_msgs: 4.2.4 (/opt/ros/humble/share/std_msgs/cmake)
[0.161s] -- Found rosidl_generator_c: 3.1.5 (/opt/ros/humble/share/rosidl_generator_c/cmake)
[0.162s] -- Found rosidl_adapter: 3.1.5 (/opt/ros/humble/share/rosidl_adapter/cmake)
[0.165s] -- Found rosidl_generator_cpp: 3.1.5 (/opt/ros/humble/share/rosidl_generator_cpp/cmake)
[0.170s] -- Using all available rosidl_typesupport_c: rosidl_typesupport_fastrtps_c;rosidl_typesupport_introspection_c
[0.177s] -- Using all available rosidl_typesupport_cpp: rosidl_typesupport_fastrtps_cpp;rosidl_typesupport_introspection_cpp
[0.189s] -- Found geometry_msgs: 4.2.4 (/opt/ros/humble/share/geometry_msgs/cmake)
[0.195s] -- Found rosidl_default_generators: 1.2.0 (/opt/ros/humble/share/rosidl_default_generators/cmake)
[0.363s] -- Found ament_cmake_ros: 0.10.0 (/opt/ros/humble/share/ament_cmake_ros/cmake)
[0.612s] -- Using all available rosidl_typesupport_c: rosidl_typesupport_fastrtps_c;rosidl_typesupport_introspection_c
[0.703s] -- Using all available rosidl_typesupport_cpp: rosidl_typesupport_fastrtps_cpp;rosidl_typesupport_introspection_cpp
[0.718s] -- Found python_cmake_module: 0.10.0 (/opt/ros/humble/share/python_cmake_module/cmake)
[0.736s] -- Using PYTHON_EXECUTABLE: /usr/bin/python3
[0.736s] -- Using PYTHON_INCLUDE_DIRS: /usr/include/python3.10
[0.736s] -- Using PYTHON_LIBRARIES: /usr/lib/x86_64-linux-gnu/libpython3.10.so
[0.758s] -- Added test 'lint_cmake' to check CMake code style
[0.758s] -- Added test 'xmllint' to check XML markup files
[0.760s] -- Configuring done
[0.776s] -- Generating done
[0.778s] -- Build files have been written to: /home/itoon/Documents/GitHub/Fun4_RoboticDev/build/fun4_interfaces
[0.796s] [35m[1mConsolidate compiler generated dependencies of target fun4_interfaces__rosidl_generator_c[0m
[0.802s] [  3%] Built target fun4_interfaces__cpp
[0.803s] [  6%] [32mBuilding C object CMakeFiles/fun4_interfaces__rosidl_generator_c.dir/rosidl_generator_c/fun4_interfaces/srv/detail/mode__functions.c.o[0m
[0.806s] [  6%] Built target ament_cmake_python_copy_fun4_interfaces
[0.809s] [35m[1mConsolidate compiler generated dependencies of target fun4_interfaces__rosidl_typesupport_fastrtps_cpp[0m
[0.809s] [35m[1mConsolidate compiler generated dependencies of target fun4_interfaces__rosidl_typesupport_cpp[0m
[0.809s] [35m[1mConsolidate compiler generated dependencies of target fun4_interfaces__rosidl_typesupport_introspection_cpp[0m
[0.810s] In file included from [01m[K/home/itoon/Documents/GitHub/Fun4_RoboticDev/build/fun4_interfaces/rosidl_generator_c/fun4_interfaces/srv/detail/mode__functions.h:19[m[K,
[0.810s]                  from [01m[K/home/itoon/Documents/GitHub/Fun4_RoboticDev/build/fun4_interfaces/rosidl_generator_c/fun4_interfaces/srv/detail/mode__functions.c:4[m[K:
[0.810s] [01m[K/home/itoon/Documents/GitHub/Fun4_RoboticDev/build/fun4_interfaces/rosidl_generator_c/fun4_interfaces/srv/detail/mode__struct.h:44:10:[m[K [01;31m[Kfatal error: [m[Kstd_msg/msg/detail/string__struct.h: No such file or directory
[0.811s]    44 | #include [01;31m[K"std_msg/msg/detail/string__struct.h"[m[K
[0.811s]       |          [01;31m[K^~~~~~~~~~~~~~~~~~~~~~~~~~~~~~~~~~~~~[m[K
[0.811s] compilation terminated.
[0.811s] gmake[2]: *** [CMakeFiles/fun4_interfaces__rosidl_generator_c.dir/build.make:165: CMakeFiles/fun4_interfaces__rosidl_generator_c.dir/rosidl_generator_c/fun4_interfaces/srv/detail/mode__functions.c.o] Error 1
[0.811s] gmake[1]: *** [CMakeFiles/Makefile2:213: CMakeFiles/fun4_interfaces__rosidl_generator_c.dir/all] Error 2
[0.811s] gmake[1]: *** Waiting for unfinished jobs....
[0.817s] [ 12%] [32mBuilding CXX object CMakeFiles/fun4_interfaces__rosidl_typesupport_fastrtps_cpp.dir/rosidl_typesupport_fastrtps_cpp/fun4_interfaces/srv/detail/dds_fastrtps/mode__type_support.cpp.o[0m
[0.817s] [ 12%] [32mBuilding CXX object CMakeFiles/fun4_interfaces__rosidl_typesupport_introspection_cpp.dir/rosidl_typesupport_introspection_cpp/fun4_interfaces/srv/detail/mode__type_support.cpp.o[0m
[0.819s] [ 16%] [32mBuilding CXX object CMakeFiles/fun4_interfaces__rosidl_typesupport_cpp.dir/rosidl_typesupport_cpp/fun4_interfaces/srv/mode__type_support.cpp.o[0m
[0.847s] In file included from [01m[K/home/itoon/Documents/GitHub/Fun4_RoboticDev/build/fun4_interfaces/rosidl_typesupport_fastrtps_cpp/fun4_interfaces/srv/detail/mode__rosidl_typesupport_fastrtps_cpp.hpp:11[m[K,
[0.847s]                  from [01m[K/home/itoon/Documents/GitHub/Fun4_RoboticDev/build/fun4_interfaces/rosidl_typesupport_fastrtps_cpp/fun4_interfaces/srv/detail/dds_fastrtps/mode__type_support.cpp:4[m[K:
[0.847s] [01m[K/home/itoon/Documents/GitHub/Fun4_RoboticDev/build/fun4_interfaces/rosidl_generator_cpp/fun4_interfaces/srv/detail/mode__struct.hpp:176:10:[m[K [01;31m[Kfatal error: [m[Kstd_msg/msg/detail/string__struct.hpp: No such file or directory
[0.847s]   176 | #include [01;31m[K"std_msg/msg/detail/string__struct.hpp"[m[K
[0.847s]       |          [01;31m[K^~~~~~~~~~~~~~~~~~~~~~~~~~~~~~~~~~~~~~~[m[K
[0.847s] compilation terminated.
[0.847s] In file included from [01m[K/home/itoon/Documents/GitHub/Fun4_RoboticDev/build/fun4_interfaces/rosidl_typesupport_cpp/fun4_interfaces/srv/mode__type_support.cpp:7[m[K:
[0.847s] [01m[K/home/itoon/Documents/GitHub/Fun4_RoboticDev/build/fun4_interfaces/rosidl_generator_cpp/fun4_interfaces/srv/detail/mode__struct.hpp:176:10:[m[K [01;31m[Kfatal error: [m[Kstd_msg/msg/detail/string__struct.hpp: No such file or directory
[0.847s]   176 | #include [01;31m[K"std_msg/msg/detail/string__struct.hpp"[m[K
[0.847s]       |          [01;31m[K^~~~~~~~~~~~~~~~~~~~~~~~~~~~~~~~~~~~~~~[m[K
[0.847s] compilation terminated.
[0.848s] gmake[2]: *** [CMakeFiles/fun4_interfaces__rosidl_typesupport_fastrtps_cpp.dir/build.make:151: CMakeFiles/fun4_interfaces__rosidl_typesupport_fastrtps_cpp.dir/rosidl_typesupport_fastrtps_cpp/fun4_interfaces/srv/detail/dds_fastrtps/mode__type_support.cpp.o] Error 1
[0.848s] gmake[1]: *** [CMakeFiles/Makefile2:291: CMakeFiles/fun4_interfaces__rosidl_typesupport_fastrtps_cpp.dir/all] Error 2
[0.848s] gmake[2]: *** [CMakeFiles/fun4_interfaces__rosidl_typesupport_cpp.dir/build.make:146: CMakeFiles/fun4_interfaces__rosidl_typesupport_cpp.dir/rosidl_typesupport_cpp/fun4_interfaces/srv/mode__type_support.cpp.o] Error 1
[0.848s] gmake[1]: *** [CMakeFiles/Makefile2:395: CMakeFiles/fun4_interfaces__rosidl_typesupport_cpp.dir/all] Error 2
[0.850s] In file included from [01m[K/home/itoon/Documents/GitHub/Fun4_RoboticDev/build/fun4_interfaces/rosidl_typesupport_introspection_cpp/fun4_interfaces/srv/detail/mode__type_support.cpp:12[m[K:
[0.850s] [01m[K/home/itoon/Documents/GitHub/Fun4_RoboticDev/build/fun4_interfaces/rosidl_generator_cpp/fun4_interfaces/srv/detail/mode__struct.hpp:176:10:[m[K [01;31m[Kfatal error: [m[Kstd_msg/msg/detail/string__struct.hpp: No such file or directory
[0.850s]   176 | #include [01;31m[K"std_msg/msg/detail/string__struct.hpp"[m[K
[0.850s]       |          [01;31m[K^~~~~~~~~~~~~~~~~~~~~~~~~~~~~~~~~~~~~~~[m[K
[0.850s] compilation terminated.
[0.851s] gmake[2]: *** [CMakeFiles/fun4_interfaces__rosidl_typesupport_introspection_cpp.dir/build.make:151: CMakeFiles/fun4_interfaces__rosidl_typesupport_introspection_cpp.dir/rosidl_typesupport_introspection_cpp/fun4_interfaces/srv/detail/mode__type_support.cpp.o] Error 1
[0.851s] gmake[1]: *** [CMakeFiles/Makefile2:369: CMakeFiles/fun4_interfaces__rosidl_typesupport_introspection_cpp.dir/all] Error 2
[0.943s] running egg_info
[0.944s] writing fun4_interfaces.egg-info/PKG-INFO
[0.944s] writing dependency_links to fun4_interfaces.egg-info/dependency_links.txt
[0.944s] writing top-level names to fun4_interfaces.egg-info/top_level.txt
[0.945s] reading manifest file 'fun4_interfaces.egg-info/SOURCES.txt'
[0.945s] writing manifest file 'fun4_interfaces.egg-info/SOURCES.txt'
[0.962s] [ 16%] Built target ament_cmake_python_build_fun4_interfaces_egg
[0.963s] gmake: *** [Makefile:146: all] Error 2
[0.965s] Invoked command in '/home/itoon/Documents/GitHub/Fun4_RoboticDev/build/fun4_interfaces' returned '2': CMAKE_PREFIX_PATH=${CMAKE_PREFIX_PATH}:/opt/ros/humble /usr/bin/cmake --build /home/itoon/Documents/GitHub/Fun4_RoboticDev/build/fun4_interfaces -- -j20 -l20
